Arguments: 
  C:\Program Files\nodejs\node.exe C:\Users\Faizan's Computer\AppData\Roaming\npm\node_modules\yarn\bin\yarn.js

PATH: 
  C:\Program Files (x86)\Common Files\Oracle\Java\javapath;C:\Windows\system32;C:\Windows;C:\Windows\System32\Wbem;C:\Windows\System32\WindowsPowerShell\v1.0\;C:\Windows\System32\OpenSSH\;C:\Program Files\Git\cmd;C:\xampp\php;C:\composer;C:\Program Files\nodejs\;C:\Users\Faizan's Computer\AppData\Local\Programs\Python\Python311\Scripts\;C:\Users\Faizan's Computer\AppData\Local\Programs\Python\Python311\;C:\Users\Faizan's Computer\AppData\Local\Microsoft\WindowsApps;C:\Users\Faizan's Computer\AppData\Local\Programs\Microsoft VS Code\bin;C:\mongosh-1.9.1\bin;C:\Program Files\MongoDB\Server\6.0\bin;C:\Users\Faizan's Computer\AppData\Roaming\Composer\vendor\bin;C:\Users\Faizan's Computer\AppData\Roaming\npm;C:\Users\Faizan's Computer\AppData\Local\Google\Cloud SDK\google-cloud-sdk\bin

Yarn version: 
  1.22.19

Node version: 
  20.16.0

Platform: 
  win32 x64

Trace: 
  Error: https://registry.yarnpkg.com/@react-icons/all-files/-/all-files-4.1.0.tgz: ESOCKETTIMEDOUT
      at ClientRequest.<anonymous> (C:\Users\Faizan's Computer\AppData\Roaming\npm\node_modules\yarn\lib\cli.js:141517:19)
      at Object.onceWrapper (node:events:633:28)
      at ClientRequest.emit (node:events:519:28)
      at TLSSocket.emitRequestTimeout (node:_http_client:845:9)
      at Object.onceWrapper (node:events:633:28)
      at TLSSocket.emit (node:events:531:35)
      at Socket._onTimeout (node:net:591:8)
      at listOnTimeout (node:internal/timers:581:17)
      at process.processTimers (node:internal/timers:519:7)

npm manifest: 
  {
    "name": "react-portfolio",
    "version": "0.1.0",
    "private": true,
    "dependencies": {
      "@react-icons/all-files": "^4.1.0",
      "classnames": "^2.3.2",
      "modern-normalize": "^1.1.0",
      "node-sass": "9.0.0",
      "react": "^18.2.0",
      "react-dom": "^18.2.0",
      "react-github-calendar": "^3.3.0",
      "react-lazy-load-image-component": "^1.5.1",
      "react-media": "^1.10.0",
      "react-parallax-tilt": "^1.5.22",
      "react-pdf": "^5.3.2",
      "react-router-dom": "^6.3.0",
      "react-tilty": "^2.0.3",
      "react-transition-group": "^4.4.2",
      "typewriter-effect": "^2.17.0",
      "web-vitals": "^1.1.2",
      "workbox-core": "^5.1.4",
      "workbox-expiration": "^5.1.4",
      "workbox-precaching": "^5.1.4",
      "workbox-routing": "^5.1.4",
      "workbox-strategies": "^5.1.4"
    },
    "scripts": {
      "start": "vite",
      "build": "vite build",
      "preview": "vite preview"
    },
    "eslintConfig": {
      "extends": [
        "react-app",
        "react-app/jest"
      ]
    },
    "devDependencies": {
      "@vitejs/plugin-react": "^4.3.2",
      "sass-embedded": "^1.79.4",
      "vite": "^5.4.8",
      "vite-plugin-svgr": "^4.2.0"
    }
  }

yarn manifest: 
  No manifest

Lockfile: 
  No lockfile
